0 verbose cli /usr/local/bin/node /usr/local/bin/npm
1 info using npm@10.8.2
2 info using node@v20.20.1
3 silly config load:file:/usr/local/lib/node_modules/npm/npmrc
4 silly config load:file:/data/.npmrc
5 silly config load:file:/root/.npmrc
6 silly config load:file:/usr/local/etc/npmrc
7 verbose title npm install node-red-node-daemon@0.6.0
8 verbose argv "install" "--no-audit" "--no-update-notifier" "--no-fund" "--save" "--save-prefix" "~" "--omit" "dev" "--engine-strict" "node-red-node-daemon@0.6.0"
9 verbose logfile logs-max:10 dir:/data/.npm/_logs/2026-04-21T03_50_24_362Z-
10 verbose logfile /data/.npm/_logs/2026-04-21T03_50_24_362Z-debug-0.log
11 silly packumentCache heap:1098907648 maxSize:274726912 maxEntrySize:137363456
12 silly logfile done cleaning log files
13 silly idealTree buildDeps
14 silly fetch manifest node-red-node-daemon@0.6.0
15 silly packumentCache full:https://registry.npmjs.org/node-red-node-daemon cache-miss
16 http fetch GET 200 https://registry.npmjs.org/node-red-node-daemon 549ms (cache miss)
17 silly packumentCache full:https://registry.npmjs.org/node-red-node-daemon set size:undefined disposed:false
18 silly placeDep ROOT node-red-node-daemon@0.6.0 OK for: node-red-project@0.0.1 want: 0.6.0
19 silly reify moves {}
20 silly tarball no local data for node-red-node-daemon@https://registry.npmjs.org/node-red-node-daemon/-/node-red-node-daemon-0.6.0.tgz. Extracting by manifest.
21 http fetch GET 200 https://registry.npmjs.org/node-red-node-daemon/-/node-red-node-daemon-0.6.0.tgz 238ms (cache miss)
22 silly ADD node_modules/node-red-node-daemon
23 verbose cwd /data
24 verbose os Linux 6.12.47+rpt-rpi-v8
25 verbose node v20.20.1
26 verbose npm  v10.8.2
27 verbose exit 0
28 info ok
