0 verbose cli /usr/local/bin/node /usr/local/bin/npm
1 info using npm@10.8.2
2 info using node@v20.20.1
3 silly config load:file:/usr/local/lib/node_modules/npm/npmrc
4 silly config load:file:/data/.npmrc
5 silly config load:file:/root/.npmrc
6 silly config load:file:/usr/local/etc/npmrc
7 verbose title npm install node-red-node-ui-table@0.4.5
8 verbose argv "install" "--no-audit" "--no-update-notifier" "--no-fund" "--save" "--save-prefix" "~" "--omit" "dev" "--engine-strict" "node-red-node-ui-table@0.4.5"
9 verbose logfile logs-max:10 dir:/data/.npm/_logs/2026-04-23T02_12_07_555Z-
10 verbose logfile /data/.npm/_logs/2026-04-23T02_12_07_555Z-debug-0.log
11 silly packumentCache heap:1098907648 maxSize:274726912 maxEntrySize:137363456
12 silly logfile done cleaning log files
13 silly idealTree buildDeps
14 silly fetch manifest node-red-node-ui-table@0.4.5
15 silly packumentCache full:https://registry.npmjs.org/node-red-node-ui-table cache-miss
16 http fetch GET 200 https://registry.npmjs.org/node-red-node-ui-table 665ms (cache miss)
17 silly packumentCache full:https://registry.npmjs.org/node-red-node-ui-table set size:undefined disposed:false
18 silly fetch manifest node-red-dashboard@~3.6.6
19 silly packumentCache full:https://registry.npmjs.org/node-red-dashboard cache-miss
20 http fetch GET 200 https://registry.npmjs.org/node-red-dashboard 347ms (cache revalidated)
21 silly packumentCache full:https://registry.npmjs.org/node-red-dashboard set size:549868 disposed:false
22 silly placeDep ROOT node-red-node-ui-table@0.4.5 OK for: node-red-project@0.0.1 want: 0.4.5
23 silly reify moves {}
24 silly tarball no local data for node-red-node-ui-table@https://registry.npmjs.org/node-red-node-ui-table/-/node-red-node-ui-table-0.4.5.tgz. Extracting by manifest.
25 http fetch GET 200 https://registry.npmjs.org/node-red-node-ui-table/-/node-red-node-ui-table-0.4.5.tgz 356ms (cache miss)
26 silly ADD node_modules/node-red-node-ui-table
27 verbose cwd /data
28 verbose os Linux 6.12.47+rpt-rpi-v8
29 verbose node v20.20.1
30 verbose npm  v10.8.2
31 verbose exit 0
32 info ok
