0 verbose cli /usr/local/bin/node /usr/local/bin/npm
1 info using npm@10.8.2
2 info using node@v20.19.6
3 silly config load:file:/usr/local/lib/node_modules/npm/npmrc
4 silly config load:file:/data/.npmrc
5 silly config load:file:/root/.npmrc
6 silly config load:file:/usr/local/etc/npmrc
7 verbose title npm install node-red-contrib-qrcode-generator@0.4.0
8 verbose argv "install" "--no-audit" "--no-update-notifier" "--no-fund" "--save" "--save-prefix" "~" "--omit" "dev" "--engine-strict" "node-red-contrib-qrcode-generator@0.4.0"
9 verbose logfile logs-max:10 dir:/data/.npm/_logs/2026-01-11T03_07_44_058Z-
10 verbose logfile /data/.npm/_logs/2026-01-11T03_07_44_058Z-debug-0.log
11 silly packumentCache heap:1098907648 maxSize:274726912 maxEntrySize:137363456
12 silly logfile done cleaning log files
13 silly idealTree buildDeps
14 silly fetch manifest node-red-contrib-qrcode-generator@0.4.0
15 silly packumentCache full:https://registry.npmjs.org/node-red-contrib-qrcode-generator cache-miss
16 http fetch GET 200 https://registry.npmjs.org/node-red-contrib-qrcode-generator 644ms (cache miss)
17 silly packumentCache full:https://registry.npmjs.org/node-red-contrib-qrcode-generator set size:undefined disposed:false
18 silly placeDep ROOT node-red-contrib-qrcode-generator@0.4.0 OK for: node-red-project@0.0.1 want: 0.4.0
19 silly fetch manifest qrcode@^1.3.3
20 silly packumentCache full:https://registry.npmjs.org/qrcode cache-miss
21 http fetch GET 200 https://registry.npmjs.org/qrcode 473ms (cache miss)
22 silly packumentCache full:https://registry.npmjs.org/qrcode set size:undefined disposed:false
23 silly placeDep ROOT qrcode@1.5.4 OK for: node-red-contrib-qrcode-generator@0.4.0 want: ^1.3.3
24 silly fetch manifest pngjs@^5.0.0
25 silly packumentCache full:https://registry.npmjs.org/pngjs cache-miss
26 silly fetch manifest yargs@^15.3.1
27 silly packumentCache full:https://registry.npmjs.org/yargs cache-miss
28 silly fetch manifest dijkstrajs@^1.0.1
29 silly packumentCache full:https://registry.npmjs.org/dijkstrajs cache-miss
30 http fetch GET 200 https://registry.npmjs.org/pngjs 230ms (cache miss)
31 silly packumentCache full:https://registry.npmjs.org/pngjs set size:undefined disposed:false
32 http fetch GET 200 https://registry.npmjs.org/dijkstrajs 441ms (cache miss)
33 silly packumentCache full:https://registry.npmjs.org/dijkstrajs set size:undefined disposed:false
34 http fetch GET 200 https://registry.npmjs.org/yargs 520ms (cache miss)
35 silly packumentCache full:https://registry.npmjs.org/yargs set size:undefined disposed:false
36 silly placeDep ROOT dijkstrajs@1.0.3 OK for: qrcode@1.5.4 want: ^1.0.1
37 silly placeDep ROOT pngjs@5.0.0 OK for: qrcode@1.5.4 want: ^5.0.0
38 silly placeDep ROOT yargs@15.4.1 OK for: qrcode@1.5.4 want: ^15.3.1
39 silly fetch manifest y18n@^4.0.0
40 silly packumentCache full:https://registry.npmjs.org/y18n cache-miss
41 silly fetch manifest cliui@^6.0.0
42 silly packumentCache full:https://registry.npmjs.org/cliui cache-miss
43 silly fetch manifest find-up@^4.1.0
44 silly packumentCache full:https://registry.npmjs.org/find-up cache-miss
45 http fetch GET 200 https://registry.npmjs.org/y18n 81ms (cache miss)
46 silly packumentCache full:https://registry.npmjs.org/y18n set size:undefined disposed:false
47 silly fetch manifest decamelize@^1.2.0
48 silly packumentCache full:https://registry.npmjs.org/decamelize cache-miss
49 http fetch GET 200 https://registry.npmjs.org/find-up 129ms (cache miss)
50 silly packumentCache full:https://registry.npmjs.org/find-up set size:undefined disposed:false
51 silly fetch manifest set-blocking@^2.0.0
52 silly packumentCache full:https://registry.npmjs.org/set-blocking cache-miss
53 http fetch GET 200 https://registry.npmjs.org/cliui 158ms (cache miss)
54 silly packumentCache full:https://registry.npmjs.org/cliui set size:undefined disposed:false
55 silly fetch manifest string-width@^4.2.0
56 silly packumentCache full:https://registry.npmjs.org/string-width cache-miss
57 http fetch GET 200 https://registry.npmjs.org/set-blocking 132ms (cache miss)
58 silly packumentCache full:https://registry.npmjs.org/set-blocking set size:undefined disposed:false
59 silly fetch manifest which-module@^2.0.0
60 silly packumentCache full:https://registry.npmjs.org/which-module cache-miss
61 http fetch GET 200 https://registry.npmjs.org/decamelize 194ms (cache miss)
62 silly packumentCache full:https://registry.npmjs.org/decamelize set size:undefined disposed:false
63 silly fetch manifest yargs-parser@^18.1.2
64 silly packumentCache full:https://registry.npmjs.org/yargs-parser cache-miss
65 http fetch GET 200 https://registry.npmjs.org/string-width 145ms (cache miss)
66 silly packumentCache full:https://registry.npmjs.org/string-width set size:undefined disposed:false
67 silly fetch manifest get-caller-file@^2.0.1
68 silly packumentCache full:https://registry.npmjs.org/get-caller-file cache-miss
69 http fetch GET 200 https://registry.npmjs.org/which-module 126ms (cache miss)
70 silly packumentCache full:https://registry.npmjs.org/which-module set size:undefined disposed:false
71 silly fetch manifest require-directory@^2.1.1
72 silly packumentCache full:https://registry.npmjs.org/require-directory cache-miss
73 http fetch GET 200 https://registry.npmjs.org/get-caller-file 122ms (cache miss)
74 silly packumentCache full:https://registry.npmjs.org/get-caller-file set size:undefined disposed:false
75 silly fetch manifest require-main-filename@^2.0.0
76 silly packumentCache full:https://registry.npmjs.org/require-main-filename cache-miss
77 http fetch GET 200 https://registry.npmjs.org/require-directory 120ms (cache miss)
78 silly packumentCache full:https://registry.npmjs.org/require-directory set size:undefined disposed:false
79 http fetch GET 200 https://registry.npmjs.org/require-main-filename 119ms (cache miss)
80 silly packumentCache full:https://registry.npmjs.org/require-main-filename set size:undefined disposed:false
81 http fetch GET 200 https://registry.npmjs.org/yargs-parser 344ms (cache miss)
82 silly packumentCache full:https://registry.npmjs.org/yargs-parser set size:undefined disposed:false
83 silly placeDep ROOT cliui@6.0.0 OK for: yargs@15.4.1 want: ^6.0.0
84 silly placeDep ROOT decamelize@1.2.0 OK for: yargs@15.4.1 want: ^1.2.0
85 silly placeDep ROOT find-up@4.1.0 OK for: yargs@15.4.1 want: ^4.1.0
86 silly placeDep ROOT get-caller-file@2.0.5 OK for: yargs@15.4.1 want: ^2.0.1
87 silly placeDep ROOT require-directory@2.1.1 OK for: yargs@15.4.1 want: ^2.1.1
88 silly placeDep ROOT require-main-filename@2.0.0 OK for: yargs@15.4.1 want: ^2.0.0
89 silly placeDep ROOT set-blocking@2.0.0 OK for: yargs@15.4.1 want: ^2.0.0
90 silly placeDep ROOT string-width@4.2.3 OK for: yargs@15.4.1 want: ^4.2.0
91 silly placeDep ROOT which-module@2.0.1 OK for: yargs@15.4.1 want: ^2.0.0
92 silly placeDep ROOT y18n@4.0.3 OK for: yargs@15.4.1 want: ^4.0.0
93 silly placeDep ROOT yargs-parser@18.1.3 OK for: yargs@15.4.1 want: ^18.1.2
94 silly fetch manifest wrap-ansi@^6.2.0
95 silly packumentCache full:https://registry.npmjs.org/wrap-ansi cache-miss
96 silly fetch manifest strip-ansi@^6.0.0
97 silly packumentCache full:https://registry.npmjs.org/strip-ansi cache-miss
98 silly fetch manifest locate-path@^5.0.0
99 silly packumentCache full:https://registry.npmjs.org/locate-path cache-miss
100 http fetch GET 200 https://registry.npmjs.org/wrap-ansi 136ms (cache miss)
101 silly packumentCache full:https://registry.npmjs.org/wrap-ansi set size:undefined disposed:false
102 silly fetch manifest path-exists@^4.0.0
103 silly packumentCache full:https://registry.npmjs.org/path-exists cache-miss
104 http fetch GET 200 https://registry.npmjs.org/strip-ansi 144ms (cache miss)
105 silly packumentCache full:https://registry.npmjs.org/strip-ansi set size:undefined disposed:false
106 silly fetch manifest strip-ansi@^6.0.1
107 silly packumentCache full:https://registry.npmjs.org/strip-ansi cache-miss
108 http fetch GET 200 https://registry.npmjs.org/strip-ansi 23ms (cache hit)
109 silly packumentCache full:https://registry.npmjs.org/strip-ansi set size:41855 disposed:false
110 silly fetch manifest emoji-regex@^8.0.0
111 silly packumentCache full:https://registry.npmjs.org/emoji-regex cache-miss
112 http fetch GET 200 https://registry.npmjs.org/locate-path 195ms (cache miss)
113 silly packumentCache full:https://registry.npmjs.org/locate-path set size:undefined disposed:false
114 silly fetch manifest is-fullwidth-code-point@^3.0.0
115 silly packumentCache full:https://registry.npmjs.org/is-fullwidth-code-point cache-miss
116 http fetch GET 200 https://registry.npmjs.org/path-exists 135ms (cache miss)
117 silly packumentCache full:https://registry.npmjs.org/path-exists set size:undefined disposed:false
118 silly fetch manifest camelcase@^5.0.0
119 silly packumentCache full:https://registry.npmjs.org/camelcase cache-miss
120 http fetch GET 200 https://registry.npmjs.org/emoji-regex 124ms (cache miss)
121 silly packumentCache full:https://registry.npmjs.org/emoji-regex set size:undefined disposed:false
122 http fetch GET 200 https://registry.npmjs.org/is-fullwidth-code-point 182ms (cache miss)
123 silly packumentCache full:https://registry.npmjs.org/is-fullwidth-code-point set size:undefined disposed:false
124 http fetch GET 200 https://registry.npmjs.org/camelcase 120ms (cache miss)
125 silly packumentCache full:https://registry.npmjs.org/camelcase set size:undefined disposed:false
126 silly placeDep ROOT strip-ansi@6.0.1 OK for: cliui@6.0.0 want: ^6.0.0
127 silly placeDep ROOT wrap-ansi@6.2.0 OK for: cliui@6.0.0 want: ^6.2.0
128 silly fetch manifest ansi-regex@^5.0.1
129 silly packumentCache full:https://registry.npmjs.org/ansi-regex cache-miss
130 silly fetch manifest ansi-styles@^4.0.0
131 silly packumentCache full:https://registry.npmjs.org/ansi-styles cache-miss
132 http fetch GET 200 https://registry.npmjs.org/ansi-regex 121ms (cache miss)
133 silly packumentCache full:https://registry.npmjs.org/ansi-regex set size:undefined disposed:false
134 http fetch GET 200 https://registry.npmjs.org/ansi-styles 197ms (cache miss)
135 silly packumentCache full:https://registry.npmjs.org/ansi-styles set size:undefined disposed:false
136 silly placeDep ROOT locate-path@5.0.0 OK for: find-up@4.1.0 want: ^5.0.0
137 silly placeDep ROOT path-exists@4.0.0 OK for: find-up@4.1.0 want: ^4.0.0
138 silly fetch manifest p-locate@^4.1.0
139 silly packumentCache full:https://registry.npmjs.org/p-locate cache-miss
140 http fetch GET 200 https://registry.npmjs.org/p-locate 145ms (cache miss)
141 silly packumentCache full:https://registry.npmjs.org/p-locate set size:undefined disposed:false
142 silly placeDep ROOT p-locate@4.1.0 OK for: locate-path@5.0.0 want: ^4.1.0
143 silly fetch manifest p-limit@^2.2.0
144 silly packumentCache full:https://registry.npmjs.org/p-limit cache-miss
145 http fetch GET 200 https://registry.npmjs.org/p-limit 161ms (cache miss)
146 silly packumentCache full:https://registry.npmjs.org/p-limit set size:undefined disposed:false
147 silly placeDep ROOT p-limit@2.3.0 OK for: p-locate@4.1.0 want: ^2.2.0
148 silly fetch manifest p-try@^2.0.0
149 silly packumentCache full:https://registry.npmjs.org/p-try cache-miss
150 http fetch GET 200 https://registry.npmjs.org/p-try 182ms (cache miss)
151 silly packumentCache full:https://registry.npmjs.org/p-try set size:undefined disposed:false
152 silly placeDep ROOT p-try@2.2.0 OK for: p-limit@2.3.0 want: ^2.0.0
153 silly placeDep ROOT emoji-regex@8.0.0 OK for: string-width@4.2.3 want: ^8.0.0
154 silly placeDep ROOT is-fullwidth-code-point@3.0.0 OK for: string-width@4.2.3 want: ^3.0.0
155 silly placeDep ROOT ansi-regex@5.0.1 OK for: strip-ansi@6.0.1 want: ^5.0.1
156 silly placeDep ROOT ansi-styles@4.3.0 OK for: wrap-ansi@6.2.0 want: ^4.0.0
157 silly fetch manifest color-convert@^2.0.1
158 silly packumentCache full:https://registry.npmjs.org/color-convert cache-miss
159 http fetch GET 200 https://registry.npmjs.org/color-convert 127ms (cache miss)
160 silly packumentCache full:https://registry.npmjs.org/color-convert set size:undefined disposed:false
161 silly placeDep ROOT color-convert@2.0.1 OK for: ansi-styles@4.3.0 want: ^2.0.1
162 silly fetch manifest color-name@~1.1.4
163 silly packumentCache full:https://registry.npmjs.org/color-name cache-miss
164 http fetch GET 200 https://registry.npmjs.org/color-name 127ms (cache miss)
165 silly packumentCache full:https://registry.npmjs.org/color-name set size:undefined disposed:false
166 silly placeDep ROOT color-name@1.1.4 OK for: color-convert@2.0.1 want: ~1.1.4
167 silly placeDep ROOT camelcase@5.3.1 OK for: yargs-parser@18.1.3 want: ^5.0.0
168 silly reify moves {}
169 silly tarball no local data for color-name@https://registry.npmjs.org/color-name/-/color-name-1.1.4.tgz. Extracting by manifest.
170 silly tarball no local data for color-convert@https://registry.npmjs.org/color-convert/-/color-convert-2.0.1.tgz. Extracting by manifest.
171 silly tarball no local data for ansi-styles@https://registry.npmjs.org/ansi-styles/-/ansi-styles-4.3.0.tgz. Extracting by manifest.
172 silly tarball no local data for ansi-regex@https://registry.npmjs.org/ansi-regex/-/ansi-regex-5.0.1.tgz. Extracting by manifest.
173 silly tarball no local data for is-fullwidth-code-point@https://registry.npmjs.org/is-fullwidth-code-point/-/is-fullwidth-code-point-3.0.0.tgz. Extracting by manifest.
174 silly tarball no local data for emoji-regex@https://registry.npmjs.org/emoji-regex/-/emoji-regex-8.0.0.tgz. Extracting by manifest.
175 silly tarball no local data for p-try@https://registry.npmjs.org/p-try/-/p-try-2.2.0.tgz. Extracting by manifest.
176 silly tarball no local data for p-limit@https://registry.npmjs.org/p-limit/-/p-limit-2.3.0.tgz. Extracting by manifest.
177 silly tarball no local data for p-locate@https://registry.npmjs.org/p-locate/-/p-locate-4.1.0.tgz. Extracting by manifest.
178 silly tarball no local data for path-exists@https://registry.npmjs.org/path-exists/-/path-exists-4.0.0.tgz. Extracting by manifest.
179 silly tarball no local data for locate-path@https://registry.npmjs.org/locate-path/-/locate-path-5.0.0.tgz. Extracting by manifest.
180 silly tarball no local data for wrap-ansi@https://registry.npmjs.org/wrap-ansi/-/wrap-ansi-6.2.0.tgz. Extracting by manifest.
181 silly tarball no local data for strip-ansi@https://registry.npmjs.org/strip-ansi/-/strip-ansi-6.0.1.tgz. Extracting by manifest.
182 silly tarball no local data for y18n@https://registry.npmjs.org/y18n/-/y18n-4.0.3.tgz. Extracting by manifest.
183 silly tarball no local data for which-module@https://registry.npmjs.org/which-module/-/which-module-2.0.1.tgz. Extracting by manifest.
184 silly tarball no local data for yargs-parser@https://registry.npmjs.org/yargs-parser/-/yargs-parser-18.1.3.tgz. Extracting by manifest.
185 silly tarball no local data for set-blocking@https://registry.npmjs.org/set-blocking/-/set-blocking-2.0.0.tgz. Extracting by manifest.
186 silly tarball no local data for string-width@https://registry.npmjs.org/string-width/-/string-width-4.2.3.tgz. Extracting by manifest.
187 silly tarball no local data for require-directory@https://registry.npmjs.org/require-directory/-/require-directory-2.1.1.tgz. Extracting by manifest.
188 silly tarball no local data for get-caller-file@https://registry.npmjs.org/get-caller-file/-/get-caller-file-2.0.5.tgz. Extracting by manifest.
189 silly tarball no local data for require-main-filename@https://registry.npmjs.org/require-main-filename/-/require-main-filename-2.0.0.tgz. Extracting by manifest.
190 silly tarball no local data for find-up@https://registry.npmjs.org/find-up/-/find-up-4.1.0.tgz. Extracting by manifest.
191 silly tarball no local data for decamelize@https://registry.npmjs.org/decamelize/-/decamelize-1.2.0.tgz. Extracting by manifest.
192 silly tarball no local data for cliui@https://registry.npmjs.org/cliui/-/cliui-6.0.0.tgz. Extracting by manifest.
193 silly tarball no local data for yargs@https://registry.npmjs.org/yargs/-/yargs-15.4.1.tgz. Extracting by manifest.
194 silly tarball no local data for pngjs@https://registry.npmjs.org/pngjs/-/pngjs-5.0.0.tgz. Extracting by manifest.
195 silly tarball no local data for dijkstrajs@https://registry.npmjs.org/dijkstrajs/-/dijkstrajs-1.0.3.tgz. Extracting by manifest.
196 silly tarball no local data for qrcode@https://registry.npmjs.org/qrcode/-/qrcode-1.5.4.tgz. Extracting by manifest.
197 silly tarball no local data for node-red-contrib-qrcode-generator@https://registry.npmjs.org/node-red-contrib-qrcode-generator/-/node-red-contrib-qrcode-generator-0.4.0.tgz. Extracting by manifest.
198 silly tarball no local data for camelcase@https://registry.npmjs.org/camelcase/-/camelcase-5.3.1.tgz. Extracting by manifest.
199 http fetch GET 200 https://registry.npmjs.org/color-name/-/color-name-1.1.4.tgz 820ms (cache miss)
200 http fetch GET 200 https://registry.npmjs.org/color-convert/-/color-convert-2.0.1.tgz 829ms (cache miss)
201 http fetch GET 200 https://registry.npmjs.org/ansi-styles/-/ansi-styles-4.3.0.tgz 845ms (cache miss)
202 http fetch GET 200 https://registry.npmjs.org/yargs-parser/-/yargs-parser-18.1.3.tgz 804ms (cache miss)
203 http fetch GET 200 https://registry.npmjs.org/require-directory/-/require-directory-2.1.1.tgz 804ms (cache miss)
204 http fetch GET 200 https://registry.npmjs.org/set-blocking/-/set-blocking-2.0.0.tgz 823ms (cache miss)
205 http fetch GET 200 https://registry.npmjs.org/get-caller-file/-/get-caller-file-2.0.5.tgz 830ms (cache miss)
206 http fetch GET 200 https://registry.npmjs.org/string-width/-/string-width-4.2.3.tgz 836ms (cache miss)
207 http fetch GET 200 https://registry.npmjs.org/camelcase/-/camelcase-5.3.1.tgz 810ms (cache miss)
208 http fetch GET 200 https://registry.npmjs.org/require-main-filename/-/require-main-filename-2.0.0.tgz 835ms (cache miss)
209 http fetch GET 200 https://registry.npmjs.org/decamelize/-/decamelize-1.2.0.tgz 833ms (cache miss)
210 http fetch GET 200 https://registry.npmjs.org/p-locate/-/p-locate-4.1.0.tgz 870ms (cache miss)
211 http fetch GET 200 https://registry.npmjs.org/locate-path/-/locate-path-5.0.0.tgz 870ms (cache miss)
212 http fetch GET 200 https://registry.npmjs.org/find-up/-/find-up-4.1.0.tgz 847ms (cache miss)
213 http fetch GET 200 https://registry.npmjs.org/dijkstrajs/-/dijkstrajs-1.0.3.tgz 837ms (cache miss)
214 http fetch GET 200 https://registry.npmjs.org/is-fullwidth-code-point/-/is-fullwidth-code-point-3.0.0.tgz 903ms (cache miss)
215 http fetch GET 200 https://registry.npmjs.org/cliui/-/cliui-6.0.0.tgz 848ms (cache miss)
216 http fetch GET 200 https://registry.npmjs.org/ansi-regex/-/ansi-regex-5.0.1.tgz 909ms (cache miss)
217 http fetch GET 200 https://registry.npmjs.org/p-limit/-/p-limit-2.3.0.tgz 891ms (cache miss)
218 http fetch GET 200 https://registry.npmjs.org/p-try/-/p-try-2.2.0.tgz 894ms (cache miss)
219 http fetch GET 200 https://registry.npmjs.org/strip-ansi/-/strip-ansi-6.0.1.tgz 879ms (cache miss)
220 http fetch GET 200 https://registry.npmjs.org/emoji-regex/-/emoji-regex-8.0.0.tgz 907ms (cache miss)
221 http fetch GET 200 https://registry.npmjs.org/path-exists/-/path-exists-4.0.0.tgz 892ms (cache miss)
222 http fetch GET 200 https://registry.npmjs.org/which-module/-/which-module-2.0.1.tgz 884ms (cache miss)
223 http fetch GET 200 https://registry.npmjs.org/y18n/-/y18n-4.0.3.tgz 887ms (cache miss)
224 http fetch GET 200 https://registry.npmjs.org/wrap-ansi/-/wrap-ansi-6.2.0.tgz 895ms (cache miss)
225 http fetch GET 200 https://registry.npmjs.org/node-red-contrib-qrcode-generator/-/node-red-contrib-qrcode-generator-0.4.0.tgz 901ms (cache miss)
226 http fetch GET 200 https://registry.npmjs.org/yargs/-/yargs-15.4.1.tgz 995ms (cache miss)
227 http fetch GET 200 https://registry.npmjs.org/qrcode/-/qrcode-1.5.4.tgz 994ms (cache miss)
228 http fetch GET 200 https://registry.npmjs.org/pngjs/-/pngjs-5.0.0.tgz 1045ms (cache miss)
229 silly ADD node_modules/camelcase
230 silly ADD node_modules/color-name
231 silly ADD node_modules/color-convert
232 silly ADD node_modules/ansi-styles
233 silly ADD node_modules/ansi-regex
234 silly ADD node_modules/is-fullwidth-code-point
235 silly ADD node_modules/emoji-regex
236 silly ADD node_modules/p-try
237 silly ADD node_modules/p-limit
238 silly ADD node_modules/p-locate
239 silly ADD node_modules/path-exists
240 silly ADD node_modules/locate-path
241 silly ADD node_modules/wrap-ansi
242 silly ADD node_modules/strip-ansi
243 silly ADD node_modules/yargs-parser
244 silly ADD node_modules/y18n
245 silly ADD node_modules/which-module
246 silly ADD node_modules/string-width
247 silly ADD node_modules/set-blocking
248 silly ADD node_modules/require-main-filename
249 silly ADD node_modules/require-directory
250 silly ADD node_modules/get-caller-file
251 silly ADD node_modules/find-up
252 silly ADD node_modules/decamelize
253 silly ADD node_modules/cliui
254 silly ADD node_modules/yargs
255 silly ADD node_modules/pngjs
256 silly ADD node_modules/dijkstrajs
257 silly ADD node_modules/qrcode
258 silly ADD node_modules/node-red-contrib-qrcode-generator
259 verbose cwd /data
260 verbose os Linux 6.12.47+rpt-rpi-v8
261 verbose node v20.19.6
262 verbose npm  v10.8.2
263 verbose exit 0
264 info ok
