0 verbose cli /usr/local/bin/node /usr/local/bin/npm
1 info using npm@10.8.2
2 info using node@v20.19.6
3 silly config load:file:/usr/local/lib/node_modules/npm/npmrc
4 silly config load:file:/data/.npmrc
5 silly config load:file:/root/.npmrc
6 silly config load:file:/usr/local/etc/npmrc
7 verbose title npm install node-red-dashboard@3.6.6
8 verbose argv "install" "--no-audit" "--no-update-notifier" "--no-fund" "--save" "--save-prefix" "~" "--omit" "dev" "--engine-strict" "node-red-dashboard@3.6.6"
9 verbose logfile logs-max:10 dir:/data/.npm/_logs/2026-01-06T02_27_23_593Z-
10 verbose logfile /data/.npm/_logs/2026-01-06T02_27_23_593Z-debug-0.log
11 silly packumentCache heap:1098907648 maxSize:274726912 maxEntrySize:137363456
12 silly logfile done cleaning log files
13 silly idealTree buildDeps
14 silly fetch manifest node-red-dashboard@3.6.6
15 silly packumentCache full:https://registry.npmjs.org/node-red-dashboard cache-miss
16 http fetch GET 200 https://registry.npmjs.org/node-red-dashboard 573ms (cache miss)
17 silly packumentCache full:https://registry.npmjs.org/node-red-dashboard set size:undefined disposed:false
18 silly placeDep ROOT node-red-dashboard@3.6.6 OK for: node-red-project@0.0.1 want: 3.6.6
19 silly fetch manifest gridstack@^0.6.4
20 silly packumentCache full:https://registry.npmjs.org/gridstack cache-miss
21 silly fetch manifest socket.io@^4.8.1
22 silly packumentCache full:https://registry.npmjs.org/socket.io cache-miss
23 silly fetch manifest compression@^1.8.1
24 silly packumentCache full:https://registry.npmjs.org/compression cache-miss
25 http fetch GET 200 https://registry.npmjs.org/compression 154ms (cache miss)
26 silly packumentCache full:https://registry.npmjs.org/compression set size:undefined disposed:false
27 silly fetch manifest serve-static@^1.16.2
28 silly packumentCache full:https://registry.npmjs.org/serve-static cache-miss
29 http fetch GET 200 https://registry.npmjs.org/serve-static 96ms (cache miss)
30 silly packumentCache full:https://registry.npmjs.org/serve-static set size:undefined disposed:false
31 http fetch GET 200 https://registry.npmjs.org/gridstack 284ms (cache miss)
32 silly packumentCache full:https://registry.npmjs.org/gridstack set size:undefined disposed:false
33 http fetch GET 200 https://registry.npmjs.org/socket.io 1699ms (cache miss)
34 silly packumentCache full:https://registry.npmjs.org/socket.io set size:undefined disposed:false
35 silly placeDep ROOT compression@1.8.1 OK for: node-red-dashboard@3.6.6 want: ^1.8.1
36 silly placeDep ROOT gridstack@0.6.4 OK for: node-red-dashboard@3.6.6 want: ^0.6.4
37 silly placeDep ROOT serve-static@1.16.3 OK for: node-red-dashboard@3.6.6 want: ^1.16.2
38 silly placeDep ROOT socket.io@4.8.3 OK for: node-red-dashboard@3.6.6 want: ^4.8.1
39 silly fetch manifest bytes@3.1.2
40 silly packumentCache full:https://registry.npmjs.org/bytes cache-miss
41 silly fetch manifest compressible@~2.0.18
42 silly packumentCache full:https://registry.npmjs.org/compressible cache-miss
43 silly fetch manifest debug@2.6.9
44 silly packumentCache full:https://registry.npmjs.org/debug cache-miss
45 http fetch GET 200 https://registry.npmjs.org/compressible 222ms (cache miss)
46 silly packumentCache full:https://registry.npmjs.org/compressible set size:undefined disposed:false
47 silly fetch manifest negotiator@~0.6.4
48 silly packumentCache full:https://registry.npmjs.org/negotiator cache-miss
49 http fetch GET 200 https://registry.npmjs.org/bytes 232ms (cache miss)
50 silly packumentCache full:https://registry.npmjs.org/bytes set size:undefined disposed:false
51 silly fetch manifest on-headers@~1.1.0
52 silly packumentCache full:https://registry.npmjs.org/on-headers cache-miss
53 http fetch GET 200 https://registry.npmjs.org/debug 312ms (cache miss)
54 silly packumentCache full:https://registry.npmjs.org/debug set size:undefined disposed:false
55 silly fetch manifest safe-buffer@5.2.1
56 silly packumentCache full:https://registry.npmjs.org/safe-buffer cache-miss
57 http fetch GET 200 https://registry.npmjs.org/on-headers 209ms (cache miss)
58 silly packumentCache full:https://registry.npmjs.org/on-headers set size:undefined disposed:false
59 silly fetch manifest vary@~1.1.2
60 silly packumentCache full:https://registry.npmjs.org/vary cache-miss
61 http fetch GET 200 https://registry.npmjs.org/negotiator 240ms (cache miss)
62 silly packumentCache full:https://registry.npmjs.org/negotiator set size:undefined disposed:false
63 silly fetch manifest jquery@^1.8 || 2 || 3
64 silly packumentCache full:https://registry.npmjs.org/jquery cache-miss
65 http fetch GET 200 https://registry.npmjs.org/safe-buffer 301ms (cache miss)
66 silly packumentCache full:https://registry.npmjs.org/safe-buffer set size:undefined disposed:false
67 silly fetch manifest send@~0.19.1
68 silly packumentCache full:https://registry.npmjs.org/send cache-miss
69 http fetch GET 200 https://registry.npmjs.org/vary 240ms (cache miss)
70 silly packumentCache full:https://registry.npmjs.org/vary set size:undefined disposed:false
71 silly fetch manifest parseurl@~1.3.3
72 silly packumentCache full:https://registry.npmjs.org/parseurl cache-miss
73 http fetch GET 200 https://registry.npmjs.org/jquery 232ms (cache miss)
74 silly packumentCache full:https://registry.npmjs.org/jquery set size:undefined disposed:false
75 silly fetch manifest encodeurl@~2.0.0
76 silly packumentCache full:https://registry.npmjs.org/encodeurl cache-miss
77 http fetch GET 200 https://registry.npmjs.org/encodeurl 162ms (cache miss)
78 silly packumentCache full:https://registry.npmjs.org/encodeurl set size:undefined disposed:false
79 silly fetch manifest escape-html@~1.0.3
80 silly packumentCache full:https://registry.npmjs.org/escape-html cache-miss
81 http fetch GET 200 https://registry.npmjs.org/parseurl 209ms (cache miss)
82 silly packumentCache full:https://registry.npmjs.org/parseurl set size:undefined disposed:false
83 silly fetch manifest accepts@~1.3.4
84 silly packumentCache full:https://registry.npmjs.org/accepts cache-miss
85 http fetch GET 200 https://registry.npmjs.org/send 296ms (cache miss)
86 silly packumentCache full:https://registry.npmjs.org/send set size:undefined disposed:false
87 silly fetch manifest base64id@~2.0.0
88 silly packumentCache full:https://registry.npmjs.org/base64id cache-miss
89 http fetch GET 200 https://registry.npmjs.org/accepts 59ms (cache miss)
90 silly packumentCache full:https://registry.npmjs.org/accepts set size:undefined disposed:false
91 silly fetch manifest cors@~2.8.5
92 silly packumentCache full:https://registry.npmjs.org/cors cache-miss
93 http fetch GET 200 https://registry.npmjs.org/escape-html 218ms (cache miss)
94 silly packumentCache full:https://registry.npmjs.org/escape-html set size:undefined disposed:false
95 silly fetch manifest debug@~4.4.1
96 silly packumentCache full:https://registry.npmjs.org/debug cache-miss
97 http fetch GET 200 https://registry.npmjs.org/debug 21ms (cache hit)
98 silly packumentCache full:https://registry.npmjs.org/debug set size:195840 disposed:false
99 silly fetch manifest engine.io@~6.6.0
100 silly packumentCache full:https://registry.npmjs.org/engine.io cache-miss
101 http fetch GET 200 https://registry.npmjs.org/base64id 270ms (cache miss)
102 silly packumentCache full:https://registry.npmjs.org/base64id set size:undefined disposed:false
103 silly fetch manifest socket.io-adapter@~2.5.2
104 silly packumentCache full:https://registry.npmjs.org/socket.io-adapter cache-miss
105 http fetch GET 200 https://registry.npmjs.org/engine.io 220ms (cache miss)
106 silly packumentCache full:https://registry.npmjs.org/engine.io set size:undefined disposed:false
107 silly fetch manifest socket.io-parser@~4.2.4
108 silly packumentCache full:https://registry.npmjs.org/socket.io-parser cache-miss
109 http fetch GET 200 https://registry.npmjs.org/cors 469ms (cache miss)
110 silly packumentCache full:https://registry.npmjs.org/cors set size:undefined disposed:false
111 http fetch GET 200 https://registry.npmjs.org/socket.io-adapter 306ms (cache miss)
112 silly packumentCache full:https://registry.npmjs.org/socket.io-adapter set size:undefined disposed:false
113 http fetch GET 200 https://registry.npmjs.org/socket.io-parser 453ms (cache miss)
114 silly packumentCache full:https://registry.npmjs.org/socket.io-parser set size:undefined disposed:false
115 silly placeDep ROOT bytes@3.1.2 OK for: compression@1.8.1 want: 3.1.2
116 silly placeDep ROOT compressible@2.0.18 OK for: compression@1.8.1 want: ~2.0.18
117 silly placeDep ROOT debug@2.6.9 OK for: compression@1.8.1 want: 2.6.9
118 silly placeDep ROOT negotiator@0.6.4 OK for: compression@1.8.1 want: ~0.6.4
119 silly placeDep ROOT on-headers@1.1.0 OK for: compression@1.8.1 want: ~1.1.0
120 silly placeDep ROOT safe-buffer@5.2.1 OK for: compression@1.8.1 want: 5.2.1
121 silly placeDep ROOT vary@1.1.2 OK for: compression@1.8.1 want: ~1.1.2
122 silly fetch manifest mime-db@>= 1.43.0 < 2
123 silly packumentCache full:https://registry.npmjs.org/mime-db cache-miss
124 silly fetch manifest ms@2.0.0
125 silly packumentCache full:https://registry.npmjs.org/ms cache-miss
126 http fetch GET 200 https://registry.npmjs.org/mime-db 211ms (cache miss)
127 silly packumentCache full:https://registry.npmjs.org/mime-db set size:undefined disposed:false
128 http fetch GET 200 https://registry.npmjs.org/ms 266ms (cache miss)
129 silly packumentCache full:https://registry.npmjs.org/ms set size:undefined disposed:false
130 silly placeDep ROOT mime-db@1.54.0 OK for: compressible@2.0.18 want: >= 1.43.0 < 2
131 silly placeDep ROOT ms@2.0.0 OK for: debug@2.6.9 want: 2.0.0
132 silly placeDep ROOT jquery@3.7.1 OK for: gridstack@0.6.4 want: ^1.8 || 2 || 3
133 silly placeDep ROOT encodeurl@2.0.0 OK for: serve-static@1.16.3 want: ~2.0.0
134 silly placeDep ROOT escape-html@1.0.3 OK for: serve-static@1.16.3 want: ~1.0.3
135 silly placeDep ROOT parseurl@1.3.3 OK for: serve-static@1.16.3 want: ~1.3.3
136 silly placeDep ROOT send@0.19.2 OK for: serve-static@1.16.3 want: ~0.19.1
137 silly fetch manifest ms@2.1.3
138 silly packumentCache full:https://registry.npmjs.org/ms cache-miss
139 silly fetch manifest depd@2.0.0
140 silly packumentCache full:https://registry.npmjs.org/depd cache-miss
141 silly fetch manifest etag@~1.8.1
142 silly packumentCache full:https://registry.npmjs.org/etag cache-miss
143 http fetch GET 200 https://registry.npmjs.org/ms 27ms (cache hit)
144 silly packumentCache full:https://registry.npmjs.org/ms set size:92208 disposed:false
145 silly fetch manifest mime@1.6.0
146 silly packumentCache full:https://registry.npmjs.org/mime cache-miss
147 http fetch GET 200 https://registry.npmjs.org/etag 204ms (cache miss)
148 silly packumentCache full:https://registry.npmjs.org/etag set size:undefined disposed:false
149 silly fetch manifest fresh@~0.5.2
150 silly packumentCache full:https://registry.npmjs.org/fresh cache-miss
151 http fetch GET 200 https://registry.npmjs.org/depd 225ms (cache miss)
152 silly packumentCache full:https://registry.npmjs.org/depd set size:undefined disposed:false
153 silly fetch manifest destroy@1.2.0
154 silly packumentCache full:https://registry.npmjs.org/destroy cache-miss
155 http fetch GET 200 https://registry.npmjs.org/fresh 55ms (cache miss)
156 silly packumentCache full:https://registry.npmjs.org/fresh set size:undefined disposed:false
157 silly fetch manifest statuses@~2.0.2
158 silly packumentCache full:https://registry.npmjs.org/statuses cache-miss
159 http fetch GET 200 https://registry.npmjs.org/mime 328ms (cache miss)
160 silly packumentCache full:https://registry.npmjs.org/mime set size:undefined disposed:false
161 silly fetch manifest http-errors@~2.0.1
162 silly packumentCache full:https://registry.npmjs.org/http-errors cache-miss
163 http fetch GET 200 https://registry.npmjs.org/destroy 179ms (cache miss)
164 silly packumentCache full:https://registry.npmjs.org/destroy set size:undefined disposed:false
165 silly fetch manifest on-finished@~2.4.1
166 silly packumentCache full:https://registry.npmjs.org/on-finished cache-miss
167 http fetch GET 200 https://registry.npmjs.org/statuses 202ms (cache miss)
168 silly packumentCache full:https://registry.npmjs.org/statuses set size:undefined disposed:false
169 silly fetch manifest range-parser@~1.2.1
170 silly packumentCache full:https://registry.npmjs.org/range-parser cache-miss
171 http fetch GET 200 https://registry.npmjs.org/range-parser 51ms (cache miss)
172 silly packumentCache full:https://registry.npmjs.org/range-parser set size:undefined disposed:false
173 http fetch GET 200 https://registry.npmjs.org/on-finished 220ms (cache miss)
174 silly packumentCache full:https://registry.npmjs.org/on-finished set size:undefined disposed:false
175 http fetch GET 200 https://registry.npmjs.org/http-errors 287ms (cache miss)
176 silly packumentCache full:https://registry.npmjs.org/http-errors set size:undefined disposed:false
177 silly placeDep ROOT depd@2.0.0 OK for: send@0.19.2 want: 2.0.0
178 silly placeDep ROOT destroy@1.2.0 OK for: send@0.19.2 want: 1.2.0
179 silly placeDep ROOT etag@1.8.1 OK for: send@0.19.2 want: ~1.8.1
180 silly placeDep ROOT fresh@0.5.2 OK for: send@0.19.2 want: ~0.5.2
181 silly placeDep ROOT http-errors@2.0.1 OK for: send@0.19.2 want: ~2.0.1
182 silly placeDep ROOT mime@1.6.0 OK for: send@0.19.2 want: 1.6.0
183 silly placeDep node_modules/send ms@2.1.3 OK for: send@0.19.2 want: 2.1.3
184 silly placeDep ROOT on-finished@2.4.1 OK for: send@0.19.2 want: ~2.4.1
185 silly placeDep ROOT range-parser@1.2.1 OK for: send@0.19.2 want: ~1.2.1
186 silly placeDep ROOT statuses@2.0.2 OK for: send@0.19.2 want: ~2.0.2
187 silly fetch manifest inherits@~2.0.4
188 silly packumentCache full:https://registry.npmjs.org/inherits cache-miss
189 silly fetch manifest setprototypeof@~1.2.0
190 silly packumentCache full:https://registry.npmjs.org/setprototypeof cache-miss
191 silly fetch manifest toidentifier@~1.0.1
192 silly packumentCache full:https://registry.npmjs.org/toidentifier cache-miss
193 http fetch GET 200 https://registry.npmjs.org/setprototypeof 204ms (cache miss)
194 silly packumentCache full:https://registry.npmjs.org/setprototypeof set size:undefined disposed:false
195 silly fetch manifest ee-first@1.1.1
196 silly packumentCache full:https://registry.npmjs.org/ee-first cache-miss
197 http fetch GET 200 https://registry.npmjs.org/inherits 215ms (cache miss)
198 silly packumentCache full:https://registry.npmjs.org/inherits set size:undefined disposed:false
199 http fetch GET 200 https://registry.npmjs.org/toidentifier 270ms (cache miss)
200 silly packumentCache full:https://registry.npmjs.org/toidentifier set size:undefined disposed:false
201 http fetch GET 200 https://registry.npmjs.org/ee-first 190ms (cache miss)
202 silly packumentCache full:https://registry.npmjs.org/ee-first set size:undefined disposed:false
203 silly placeDep ROOT inherits@2.0.4 OK for: http-errors@2.0.1 want: ~2.0.4
204 silly placeDep ROOT setprototypeof@1.2.0 OK for: http-errors@2.0.1 want: ~1.2.0
205 silly placeDep ROOT toidentifier@1.0.1 OK for: http-errors@2.0.1 want: ~1.0.1
206 silly placeDep ROOT ee-first@1.1.1 OK for: on-finished@2.4.1 want: 1.1.1
207 silly placeDep ROOT accepts@1.3.8 OK for: socket.io@4.8.3 want: ~1.3.4
208 silly placeDep ROOT base64id@2.0.0 OK for: socket.io@4.8.3 want: ~2.0.0
209 silly placeDep ROOT cors@2.8.5 OK for: socket.io@4.8.3 want: ~2.8.5
210 silly placeDep node_modules/socket.io debug@4.4.3 OK for: socket.io@4.8.3 want: ~4.4.1
211 silly placeDep ROOT engine.io@6.6.5 OK for: socket.io@4.8.3 want: ~6.6.0
212 silly placeDep ROOT socket.io-adapter@2.5.6 OK for: socket.io@4.8.3 want: ~2.5.2
213 silly placeDep ROOT socket.io-parser@4.2.5 OK for: socket.io@4.8.3 want: ~4.2.4
214 silly fetch manifest mime-types@~2.1.34
215 silly packumentCache full:https://registry.npmjs.org/mime-types cache-miss
216 silly fetch manifest negotiator@0.6.3
217 silly packumentCache full:https://registry.npmjs.org/negotiator cache-miss
218 silly fetch manifest object-assign@^4
219 silly packumentCache full:https://registry.npmjs.org/object-assign cache-miss
220 http fetch GET 200 https://registry.npmjs.org/negotiator 23ms (cache hit)
221 silly packumentCache full:https://registry.npmjs.org/negotiator set size:48046 disposed:false
222 silly fetch manifest ms@^2.1.3
223 silly packumentCache full:https://registry.npmjs.org/ms cache-hit
224 silly fetch manifest @types/cors@^2.8.12
225 silly packumentCache full:https://registry.npmjs.org/@types%2fcors cache-miss
226 http fetch GET 200 https://registry.npmjs.org/mime-types 286ms (cache miss)
227 silly packumentCache full:https://registry.npmjs.org/mime-types set size:undefined disposed:false
228 silly fetch manifest @types/node@>=10.0.0
229 silly packumentCache full:https://registry.npmjs.org/@types%2fnode cache-miss
230 http fetch GET 200 https://registry.npmjs.org/object-assign 309ms (cache miss)
231 silly packumentCache full:https://registry.npmjs.org/object-assign set size:undefined disposed:false
232 silly fetch manifest cookie@~0.7.2
233 silly packumentCache full:https://registry.npmjs.org/cookie cache-miss
234 http fetch GET 200 https://registry.npmjs.org/@types%2fcors 335ms (cache miss)
235 silly packumentCache full:https://registry.npmjs.org/@types%2fcors set size:undefined disposed:false
236 silly fetch manifest engine.io-parser@~5.2.1
237 silly packumentCache full:https://registry.npmjs.org/engine.io-parser cache-miss
238 http fetch GET 200 https://registry.npmjs.org/cookie 376ms (cache miss)
239 silly packumentCache full:https://registry.npmjs.org/cookie set size:undefined disposed:false
240 silly fetch manifest ws@~8.18.3
241 silly packumentCache full:https://registry.npmjs.org/ws cache-miss
242 http fetch GET 200 https://registry.npmjs.org/engine.io-parser 526ms (cache miss)
243 silly packumentCache full:https://registry.npmjs.org/engine.io-parser set size:undefined disposed:false
244 silly fetch manifest ws@~8.18.3
245 silly packumentCache full:https://registry.npmjs.org/ws cache-miss
246 http fetch GET 200 https://registry.npmjs.org/@types%2fnode 667ms (cache miss)
247 silly packumentCache full:https://registry.npmjs.org/@types%2fnode set size:undefined disposed:false
248 silly fetch manifest @socket.io/component-emitter@~3.1.0
249 silly packumentCache full:https://registry.npmjs.org/@socket.io%2fcomponent-emitter cache-miss
250 http fetch GET 200 https://registry.npmjs.org/ws 690ms (cache miss)
251 silly packumentCache full:https://registry.npmjs.org/ws set size:undefined disposed:false
252 http fetch GET 200 https://registry.npmjs.org/ws 508ms (cache miss)
253 silly packumentCache full:https://registry.npmjs.org/ws set size:undefined disposed:false
254 http fetch GET 200 https://registry.npmjs.org/@socket.io%2fcomponent-emitter 363ms (cache miss)
255 silly packumentCache full:https://registry.npmjs.org/@socket.io%2fcomponent-emitter set size:undefined disposed:false
256 silly placeDep ROOT mime-types@2.1.35 OK for: accepts@1.3.8 want: ~2.1.34
257 silly placeDep node_modules/accepts negotiator@0.6.3 OK for: accepts@1.3.8 want: 0.6.3
258 silly fetch manifest mime-db@1.52.0
259 silly packumentCache full:https://registry.npmjs.org/mime-db cache-miss
260 http fetch GET 200 https://registry.npmjs.org/mime-db 9ms (cache hit)
261 silly packumentCache full:https://registry.npmjs.org/mime-db set size:164953 disposed:false
262 silly placeDep ROOT object-assign@4.1.1 OK for: cors@2.8.5 want: ^4
263 silly fetch manifest bufferutil@^4.0.1
264 silly packumentCache full:https://registry.npmjs.org/bufferutil cache-miss
265 http fetch GET 200 https://registry.npmjs.org/bufferutil 341ms (cache miss)
266 silly packumentCache full:https://registry.npmjs.org/bufferutil set size:undefined disposed:false
267 silly fetch manifest utf-8-validate@>=5.0.2
268 silly packumentCache full:https://registry.npmjs.org/utf-8-validate cache-miss
269 http fetch GET 200 https://registry.npmjs.org/utf-8-validate 211ms (cache miss)
270 silly packumentCache full:https://registry.npmjs.org/utf-8-validate set size:undefined disposed:false
271 silly placeDep ROOT @types/cors@2.8.19 OK for: engine.io@6.6.5 want: ^2.8.12
272 silly placeDep ROOT @types/node@25.0.3 OK for: engine.io@6.6.5 want: >=10.0.0
273 silly placeDep ROOT cookie@0.7.2 OK for: engine.io@6.6.5 want: ~0.7.2
274 silly placeDep node_modules/engine.io debug@4.4.3 OK for: engine.io@6.6.5 want: ~4.4.1
275 silly placeDep ROOT engine.io-parser@5.2.3 OK for: engine.io@6.6.5 want: ~5.2.1
276 silly placeDep ROOT ws@8.18.3 OK for: engine.io@6.6.5 want: ~8.18.3
277 silly fetch manifest @types/node@*
278 silly packumentCache full:https://registry.npmjs.org/@types%2fnode cache-miss
279 silly fetch manifest undici-types@~7.16.0
280 silly packumentCache full:https://registry.npmjs.org/undici-types cache-miss
281 http fetch GET 200 https://registry.npmjs.org/@types%2fnode 159ms (cache hit)
282 silly packumentCache full:https://registry.npmjs.org/@types%2fnode set size:10733106 disposed:false
283 http fetch GET 200 https://registry.npmjs.org/undici-types 519ms (cache miss)
284 silly packumentCache full:https://registry.npmjs.org/undici-types set size:undefined disposed:false
285 silly placeDep ROOT undici-types@7.16.0 OK for: @types/node@25.0.3 want: ~7.16.0
286 silly placeDep node_modules/mime-types mime-db@1.52.0 OK for: mime-types@2.1.35 want: 1.52.0
287 silly placeDep node_modules/socket.io-adapter debug@4.4.3 OK for: socket.io-adapter@2.5.6 want: ~4.4.1
288 silly placeDep ROOT @socket.io/component-emitter@3.1.2 OK for: socket.io-parser@4.2.5 want: ~3.1.0
289 silly placeDep node_modules/socket.io-parser debug@4.4.3 OK for: socket.io-parser@4.2.5 want: ~4.4.1
290 silly placeDep node_modules/engine.io ms@2.1.3 OK for: debug@4.4.3 want: ^2.1.3
291 silly placeDep node_modules/socket.io-adapter ms@2.1.3 OK for: debug@4.4.3 want: ^2.1.3
292 silly placeDep node_modules/socket.io-parser ms@2.1.3 OK for: debug@4.4.3 want: ^2.1.3
293 silly placeDep node_modules/socket.io ms@2.1.3 OK for: debug@4.4.3 want: ^2.1.3
294 silly reify moves {}
295 silly tarball no local data for @socket.io/component-emitter@https://registry.npmjs.org/@socket.io/component-emitter/-/component-emitter-3.1.2.tgz. Extracting by manifest.
296 silly tarball no local data for undici-types@https://registry.npmjs.org/undici-types/-/undici-types-7.16.0.tgz. Extracting by manifest.
297 silly tarball no local data for engine.io-parser@https://registry.npmjs.org/engine.io-parser/-/engine.io-parser-5.2.3.tgz. Extracting by manifest.
298 silly tarball no local data for ws@https://registry.npmjs.org/ws/-/ws-8.18.3.tgz. Extracting by manifest.
299 silly tarball no local data for cookie@https://registry.npmjs.org/cookie/-/cookie-0.7.2.tgz. Extracting by manifest.
300 silly tarball no local data for @types/node@https://registry.npmjs.org/@types/node/-/node-25.0.3.tgz. Extracting by manifest.
301 silly tarball no local data for @types/cors@https://registry.npmjs.org/@types/cors/-/cors-2.8.19.tgz. Extracting by manifest.
302 silly tarball no local data for object-assign@https://registry.npmjs.org/object-assign/-/object-assign-4.1.1.tgz. Extracting by manifest.
303 silly tarball no local data for mime-types@https://registry.npmjs.org/mime-types/-/mime-types-2.1.35.tgz. Extracting by manifest.
304 silly tarball no local data for socket.io-parser@https://registry.npmjs.org/socket.io-parser/-/socket.io-parser-4.2.5.tgz. Extracting by manifest.
305 silly tarball no local data for socket.io-adapter@https://registry.npmjs.org/socket.io-adapter/-/socket.io-adapter-2.5.6.tgz. Extracting by manifest.
306 silly tarball no local data for engine.io@https://registry.npmjs.org/engine.io/-/engine.io-6.6.5.tgz. Extracting by manifest.
307 silly tarball no local data for cors@https://registry.npmjs.org/cors/-/cors-2.8.5.tgz. Extracting by manifest.
308 silly tarball no local data for base64id@https://registry.npmjs.org/base64id/-/base64id-2.0.0.tgz. Extracting by manifest.
309 silly tarball no local data for accepts@https://registry.npmjs.org/accepts/-/accepts-1.3.8.tgz. Extracting by manifest.
310 silly tarball no local data for ee-first@https://registry.npmjs.org/ee-first/-/ee-first-1.1.1.tgz. Extracting by manifest.
311 silly tarball no local data for toidentifier@https://registry.npmjs.org/toidentifier/-/toidentifier-1.0.1.tgz. Extracting by manifest.
312 silly tarball no local data for setprototypeof@https://registry.npmjs.org/setprototypeof/-/setprototypeof-1.2.0.tgz. Extracting by manifest.
313 silly tarball no local data for inherits@https://registry.npmjs.org/inherits/-/inherits-2.0.4.tgz. Extracting by manifest.
314 silly tarball no local data for statuses@https://registry.npmjs.org/statuses/-/statuses-2.0.2.tgz. Extracting by manifest.
315 silly tarball no local data for range-parser@https://registry.npmjs.org/range-parser/-/range-parser-1.2.1.tgz. Extracting by manifest.
316 silly tarball no local data for on-finished@https://registry.npmjs.org/on-finished/-/on-finished-2.4.1.tgz. Extracting by manifest.
317 silly tarball no local data for mime@https://registry.npmjs.org/mime/-/mime-1.6.0.tgz. Extracting by manifest.
318 silly tarball no local data for http-errors@https://registry.npmjs.org/http-errors/-/http-errors-2.0.1.tgz. Extracting by manifest.
319 silly tarball no local data for fresh@https://registry.npmjs.org/fresh/-/fresh-0.5.2.tgz. Extracting by manifest.
320 silly tarball no local data for etag@https://registry.npmjs.org/etag/-/etag-1.8.1.tgz. Extracting by manifest.
321 silly tarball no local data for destroy@https://registry.npmjs.org/destroy/-/destroy-1.2.0.tgz. Extracting by manifest.
322 silly tarball no local data for send@https://registry.npmjs.org/send/-/send-0.19.2.tgz. Extracting by manifest.
323 silly tarball no local data for depd@https://registry.npmjs.org/depd/-/depd-2.0.0.tgz. Extracting by manifest.
324 silly tarball no local data for parseurl@https://registry.npmjs.org/parseurl/-/parseurl-1.3.3.tgz. Extracting by manifest.
325 silly tarball no local data for escape-html@https://registry.npmjs.org/escape-html/-/escape-html-1.0.3.tgz. Extracting by manifest.
326 silly tarball no local data for encodeurl@https://registry.npmjs.org/encodeurl/-/encodeurl-2.0.0.tgz. Extracting by manifest.
327 silly tarball no local data for jquery@https://registry.npmjs.org/jquery/-/jquery-3.7.1.tgz. Extracting by manifest.
328 silly tarball no local data for ms@https://registry.npmjs.org/ms/-/ms-2.0.0.tgz. Extracting by manifest.
329 silly tarball no local data for mime-db@https://registry.npmjs.org/mime-db/-/mime-db-1.54.0.tgz. Extracting by manifest.
330 silly tarball no local data for vary@https://registry.npmjs.org/vary/-/vary-1.1.2.tgz. Extracting by manifest.
331 silly tarball no local data for safe-buffer@https://registry.npmjs.org/safe-buffer/-/safe-buffer-5.2.1.tgz. Extracting by manifest.
332 silly tarball no local data for on-headers@https://registry.npmjs.org/on-headers/-/on-headers-1.1.0.tgz. Extracting by manifest.
333 silly tarball no local data for negotiator@https://registry.npmjs.org/negotiator/-/negotiator-0.6.4.tgz. Extracting by manifest.
334 silly tarball no local data for debug@https://registry.npmjs.org/debug/-/debug-2.6.9.tgz. Extracting by manifest.
335 silly tarball no local data for compressible@https://registry.npmjs.org/compressible/-/compressible-2.0.18.tgz. Extracting by manifest.
336 silly tarball no local data for bytes@https://registry.npmjs.org/bytes/-/bytes-3.1.2.tgz. Extracting by manifest.
337 silly tarball no local data for socket.io@https://registry.npmjs.org/socket.io/-/socket.io-4.8.3.tgz. Extracting by manifest.
338 silly tarball no local data for serve-static@https://registry.npmjs.org/serve-static/-/serve-static-1.16.3.tgz. Extracting by manifest.
339 silly tarball no local data for gridstack@https://registry.npmjs.org/gridstack/-/gridstack-0.6.4.tgz. Extracting by manifest.
340 silly tarball no local data for compression@https://registry.npmjs.org/compression/-/compression-1.8.1.tgz. Extracting by manifest.
341 silly tarball no local data for node-red-dashboard@https://registry.npmjs.org/node-red-dashboard/-/node-red-dashboard-3.6.6.tgz. Extracting by manifest.
342 silly tarball no local data for mime-db@https://registry.npmjs.org/mime-db/-/mime-db-1.52.0.tgz. Extracting by manifest.
343 silly tarball no local data for ms@https://registry.npmjs.org/ms/-/ms-2.1.3.tgz. Extracting by manifest.
344 silly tarball no local data for debug@https://registry.npmjs.org/debug/-/debug-4.4.3.tgz. Extracting by manifest.
345 silly tarball no local data for ms@https://registry.npmjs.org/ms/-/ms-2.1.3.tgz. Extracting by manifest.
346 silly tarball no local data for debug@https://registry.npmjs.org/debug/-/debug-4.4.3.tgz. Extracting by manifest.
347 silly tarball no local data for ms@https://registry.npmjs.org/ms/-/ms-2.1.3.tgz. Extracting by manifest.
348 silly tarball no local data for debug@https://registry.npmjs.org/debug/-/debug-4.4.3.tgz. Extracting by manifest.
349 silly tarball no local data for negotiator@https://registry.npmjs.org/negotiator/-/negotiator-0.6.3.tgz. Extracting by manifest.
350 silly tarball no local data for ms@https://registry.npmjs.org/ms/-/ms-2.1.3.tgz. Extracting by manifest.
351 silly tarball no local data for ms@https://registry.npmjs.org/ms/-/ms-2.1.3.tgz. Extracting by manifest.
352 silly tarball no local data for debug@https://registry.npmjs.org/debug/-/debug-4.4.3.tgz. Extracting by manifest.
353 http fetch GET 200 https://registry.npmjs.org/ee-first/-/ee-first-1.1.1.tgz 1325ms (cache miss)
354 http fetch GET 200 https://registry.npmjs.org/toidentifier/-/toidentifier-1.0.1.tgz 1373ms (cache miss)
355 http fetch GET 200 https://registry.npmjs.org/@socket.io/component-emitter/-/component-emitter-3.1.2.tgz 1441ms (cache miss)
356 http fetch GET 200 https://registry.npmjs.org/setprototypeof/-/setprototypeof-1.2.0.tgz 1415ms (cache miss)
357 http fetch GET 200 https://registry.npmjs.org/inherits/-/inherits-2.0.4.tgz 1413ms (cache miss)
358 http fetch GET 200 https://registry.npmjs.org/range-parser/-/range-parser-1.2.1.tgz 1438ms (cache miss)
359 http fetch GET 200 https://registry.npmjs.org/object-assign/-/object-assign-4.1.1.tgz 1509ms (cache miss)
360 http fetch GET 200 https://registry.npmjs.org/on-finished/-/on-finished-2.4.1.tgz 1477ms (cache miss)
361 http fetch GET 200 https://registry.npmjs.org/send/-/send-0.19.2.tgz 1466ms (cache miss)
362 http fetch GET 200 https://registry.npmjs.org/encodeurl/-/encodeurl-2.0.0.tgz 1476ms (cache miss)
363 http fetch GET 200 https://registry.npmjs.org/fresh/-/fresh-0.5.2.tgz 1512ms (cache miss)
364 http fetch GET 200 https://registry.npmjs.org/@types/cors/-/cors-2.8.19.tgz 1559ms (cache miss)
365 http fetch GET 200 https://registry.npmjs.org/accepts/-/accepts-1.3.8.tgz 1552ms (cache miss)
366 http fetch GET 200 https://registry.npmjs.org/parseurl/-/parseurl-1.3.3.tgz 1521ms (cache miss)
367 http fetch GET 200 https://registry.npmjs.org/destroy/-/destroy-1.2.0.tgz 1530ms (cache miss)
368 http fetch GET 200 https://registry.npmjs.org/negotiator/-/negotiator-0.6.4.tgz 1506ms (cache miss)
369 http fetch GET 200 https://registry.npmjs.org/escape-html/-/escape-html-1.0.3.tgz 1539ms (cache miss)
370 http fetch GET 200 https://registry.npmjs.org/vary/-/vary-1.1.2.tgz 1529ms (cache miss)
371 http fetch GET 200 https://registry.npmjs.org/etag/-/etag-1.8.1.tgz 1564ms (cache miss)
372 http fetch GET 200 https://registry.npmjs.org/statuses/-/statuses-2.0.2.tgz 1580ms (cache miss)
373 http fetch GET 200 https://registry.npmjs.org/compressible/-/compressible-2.0.18.tgz 1523ms (cache miss)
374 http fetch GET 200 https://registry.npmjs.org/ms/-/ms-2.1.3.tgz 1502ms (cache miss)
375 http fetch GET 200 https://registry.npmjs.org/http-errors/-/http-errors-2.0.1.tgz 1585ms (cache miss)
376 http fetch GET 200 https://registry.npmjs.org/ms/-/ms-2.0.0.tgz 1563ms (cache miss)
377 http fetch GET 200 https://registry.npmjs.org/base64id/-/base64id-2.0.0.tgz 1613ms (cache miss)
378 http fetch GET 200 https://registry.npmjs.org/mime-types/-/mime-types-2.1.35.tgz 1641ms (cache miss)
379 http fetch GET 200 https://registry.npmjs.org/negotiator/-/negotiator-0.6.3.tgz 1526ms (cache miss)
380 http fetch GET 200 https://registry.npmjs.org/on-headers/-/on-headers-1.1.0.tgz 1596ms (cache miss)
381 http fetch GET 200 https://registry.npmjs.org/depd/-/depd-2.0.0.tgz 1635ms (cache miss)
382 http fetch GET 200 https://registry.npmjs.org/bytes/-/bytes-3.1.2.tgz 1597ms (cache miss)
383 http fetch GET 200 https://registry.npmjs.org/ms/-/ms-2.1.3.tgz 1567ms (cache miss)
384 http fetch GET 200 https://registry.npmjs.org/ms/-/ms-2.1.3.tgz 1566ms (cache miss)
385 http fetch GET 200 https://registry.npmjs.org/ms/-/ms-2.1.3.tgz 1576ms (cache miss)
386 http fetch GET 200 https://registry.npmjs.org/ms/-/ms-2.1.3.tgz 1586ms (cache miss)
387 http fetch GET 200 https://registry.npmjs.org/serve-static/-/serve-static-1.16.3.tgz 1600ms (cache miss)
388 http fetch GET 200 https://registry.npmjs.org/debug/-/debug-4.4.3.tgz 1579ms (cache miss)
389 http fetch GET 200 https://registry.npmjs.org/debug/-/debug-4.4.3.tgz 1615ms (cache miss)
390 http fetch GET 200 https://registry.npmjs.org/safe-buffer/-/safe-buffer-5.2.1.tgz 1673ms (cache miss)
391 http fetch GET 200 https://registry.npmjs.org/socket.io-adapter/-/socket.io-adapter-2.5.6.tgz 1753ms (cache miss)
392 http fetch GET 200 https://registry.npmjs.org/cors/-/cors-2.8.5.tgz 1761ms (cache miss)
393 http fetch GET 200 https://registry.npmjs.org/compression/-/compression-1.8.1.tgz 1676ms (cache miss)
394 http fetch GET 200 https://registry.npmjs.org/mime/-/mime-1.6.0.tgz 1760ms (cache miss)
395 http fetch GET 200 https://registry.npmjs.org/debug/-/debug-4.4.3.tgz 1701ms (cache miss)
396 http fetch GET 200 https://registry.npmjs.org/socket.io-parser/-/socket.io-parser-4.2.5.tgz 1819ms (cache miss)
397 http fetch GET 200 https://registry.npmjs.org/mime-db/-/mime-db-1.54.0.tgz 1769ms (cache miss)
398 http fetch GET 200 https://registry.npmjs.org/mime-db/-/mime-db-1.52.0.tgz 1730ms (cache miss)
399 http fetch GET 200 https://registry.npmjs.org/debug/-/debug-4.4.3.tgz 1718ms (cache miss)
400 http fetch GET 200 https://registry.npmjs.org/engine.io-parser/-/engine.io-parser-5.2.3.tgz 1856ms (cache miss)
401 http fetch GET 200 https://registry.npmjs.org/undici-types/-/undici-types-7.16.0.tgz 1863ms (cache miss)
402 http fetch GET 200 https://registry.npmjs.org/debug/-/debug-2.6.9.tgz 1774ms (cache miss)
403 http fetch GET 200 https://registry.npmjs.org/cookie/-/cookie-0.7.2.tgz 1873ms (cache miss)
404 http fetch GET 200 https://registry.npmjs.org/ws/-/ws-8.18.3.tgz 1935ms (cache miss)
405 http fetch GET 200 https://registry.npmjs.org/engine.io/-/engine.io-6.6.5.tgz 1983ms (cache miss)
406 http fetch GET 200 https://registry.npmjs.org/gridstack/-/gridstack-0.6.4.tgz 1945ms (cache miss)
407 http fetch GET 200 https://registry.npmjs.org/socket.io/-/socket.io-4.8.3.tgz 2038ms (cache miss)
408 http fetch GET 200 https://registry.npmjs.org/jquery/-/jquery-3.7.1.tgz 2246ms (cache miss)
409 http fetch GET 200 https://registry.npmjs.org/node-red-dashboard/-/node-red-dashboard-3.6.6.tgz 2324ms (cache miss)
410 warn deprecated node-red-dashboard@3.6.6: No longer maintained - please look at alternatives such as @flowfuse/node-red-dashboard or node-red-contrib-uibuilder
411 http fetch GET 200 https://registry.npmjs.org/@types/node/-/node-25.0.3.tgz 2508ms (cache miss)
412 info run node-red-dashboard@3.6.6 postinstall node_modules/node-red-dashboard node fixgrid.js
413 info run node-red-dashboard@3.6.6 postinstall { code: 0, signal: null }
414 silly ADD node_modules/@socket.io/component-emitter
415 silly ADD node_modules/undici-types
416 silly ADD node_modules/ws
417 silly ADD node_modules/engine.io-parser
418 silly ADD node_modules/cookie
419 silly ADD node_modules/@types/node
420 silly ADD node_modules/@types/cors
421 silly ADD node_modules/object-assign
422 silly ADD node_modules/mime-types
423 silly ADD node_modules/mime-types/node_modules/mime-db
424 silly ADD node_modules/socket.io-parser
425 silly ADD node_modules/socket.io-parser/node_modules/ms
426 silly ADD node_modules/socket.io-parser/node_modules/debug
427 silly ADD node_modules/socket.io-adapter
428 silly ADD node_modules/socket.io-adapter/node_modules/ms
429 silly ADD node_modules/socket.io-adapter/node_modules/debug
430 silly ADD node_modules/engine.io
431 silly ADD node_modules/engine.io/node_modules/ms
432 silly ADD node_modules/engine.io/node_modules/debug
433 silly ADD node_modules/cors
434 silly ADD node_modules/base64id
435 silly ADD node_modules/accepts
436 silly ADD node_modules/accepts/node_modules/negotiator
437 silly ADD node_modules/ee-first
438 silly ADD node_modules/toidentifier
439 silly ADD node_modules/setprototypeof
440 silly ADD node_modules/inherits
441 silly ADD node_modules/statuses
442 silly ADD node_modules/range-parser
443 silly ADD node_modules/on-finished
444 silly ADD node_modules/mime
445 silly ADD node_modules/http-errors
446 silly ADD node_modules/fresh
447 silly ADD node_modules/etag
448 silly ADD node_modules/destroy
449 silly ADD node_modules/depd
450 silly ADD node_modules/send
451 silly ADD node_modules/send/node_modules/ms
452 silly ADD node_modules/parseurl
453 silly ADD node_modules/escape-html
454 silly ADD node_modules/encodeurl
455 silly ADD node_modules/jquery
456 silly ADD node_modules/ms
457 silly ADD node_modules/mime-db
458 silly ADD node_modules/vary
459 silly ADD node_modules/safe-buffer
460 silly ADD node_modules/on-headers
461 silly ADD node_modules/negotiator
462 silly ADD node_modules/debug
463 silly ADD node_modules/compressible
464 silly ADD node_modules/bytes
465 silly ADD node_modules/socket.io
466 silly ADD node_modules/socket.io/node_modules/ms
467 silly ADD node_modules/socket.io/node_modules/debug
468 silly ADD node_modules/serve-static
469 silly ADD node_modules/gridstack
470 silly ADD node_modules/compression
471 silly ADD node_modules/node-red-dashboard
472 verbose cwd /data
473 verbose os Linux 6.12.47+rpt-rpi-v8
474 verbose node v20.19.6
475 verbose npm  v10.8.2
476 verbose exit 0
477 info ok
